/*C3*/SET SCHEMA PUBLIC
\u000a    alter table Consultoras \u000a        drop constraint FK_8dd7j8bpr03aodkyalh2dqfwc
\u000a    alter table Proyectos \u000a        drop constraint FK_9k1vuiwhv4c8jjbwasomybi7g
\u000a    drop table Consultoras if exists
\u000a    drop table Proyectos if exists
\u000a    drop table Usuarios if exists
\u000a    create table Consultoras (\u000a        id bigint generated by default as identity (start with 1),\u000a        cantidad_empleados integer,\u000a        nombre varchar(255),\u000a        administrador bigint,\u000a        primary key (id)\u000a    )
\u000a    create table Proyectos (\u000a        id bigint generated by default as identity (start with 1),\u000a        costo_estimado numeric(19,2),\u000a        nombre varchar(255),\u000a        consultora_encargada bigint,\u000a        primary key (id)\u000a    )
\u000a    create table Usuarios (\u000a        id bigint generated by default as identity (start with 1),\u000a        password varchar(255),\u000a        username varchar(255),\u000a        primary key (id)\u000a    )
\u000a    alter table Consultoras \u000a        add constraint FK_8dd7j8bpr03aodkyalh2dqfwc \u000a        foreign key (administrador) \u000a        references Usuarios
\u000a    alter table Proyectos \u000a        add constraint FK_9k1vuiwhv4c8jjbwasomybi7g \u000a        foreign key (consultora_encargada) \u000a        references Consultoras
INSERT INTO CONSULTORAS VALUES(1,10,'dblandit',NULL)
INSERT INTO CONSULTORAS VALUES(2,15,'2dise\u00f1os',NULL)
INSERT INTO CONSULTORAS VALUES(3,2,'chakanalabs',NULL)
INSERT INTO CONSULTORAS VALUES(4,10,'consultoraLoca',NULL)
INSERT INTO CONSULTORAS VALUES(5,20,'rolicusulting',NULL)
INSERT INTO CONSULTORAS VALUES(6,2,'francoconsulting',NULL)
INSERT INTO CONSULTORAS VALUES(7,10,'otraConsultora',NULL)
INSERT INTO CONSULTORAS VALUES(8,15,'pirulo.com',NULL)
INSERT INTO CONSULTORAS VALUES(9,2,'blah',NULL)
INSERT INTO USUARIOS VALUES(1,'rolito','roli')
COMMIT
